<?xml version="1.0" encoding="UTF-8"?>
<testng-results ignored="0" total="1" passed="1" failed="0" skipped="0">
  <reporter-output>
  </reporter-output>
  <suite started-at="2022-04-12T16:11:16 IST" name="Login" finished-at="2022-04-12T16:11:37 IST" duration-ms="20933">
    <groups>
    </groups>
    <test started-at="2022-04-12T16:11:16 IST" name="Basic Element" finished-at="2022-04-12T16:11:37 IST" duration-ms="20933">
      <class name="com.cygnet.test.BasicElement">
        <test-method signature="BasicForm()[pri:0, instance:com.cygnet.test.BasicElement@306f16f3]" started-at="2022-04-12T16:11:16 IST" name="BasicForm" finished-at="2022-04-12T16:11:37 IST" duration-ms="20862" status="PASS">
          <reporter-output>
          </reporter-output>
        </test-method> <!-- BasicForm -->
      </class> <!-- com.cygnet.test.BasicElement -->
    </test> <!-- Basic Element -->
  </suite> <!-- Login -->
</testng-results>
